[index-2.html]
[backblue.gif]
[fade.gif]
[index.html]
[61b0545303933b64a77a5a1d/css/portopower.webflow.d498dff48.css]
[ajax/libs/webfont/1.6.26/webfont.js]
[img/webclip.png]
[blog.html]
[about.html]
[photos/city.html]
[61b0545303933b49307a5a2b/61b0545303933b9e1d7a5a49_photo-1416934625760-d56f5e79f6fe-square700.jpg]
[photos/together.html]
[61b0545303933b49307a5a2b/61b0545303933bd9947a5af2_photo-1427955569621-3e494de2b1d2-square700.jpg]
[photos/blue.html]
[61b0545303933b49307a5a2b/61b0545303933b74787a5ae0_photo-1428184003419-4cfd6ab3d280-square700.jpg]
[photos/coast.html]
[61b0545303933b49307a5a2b/61b0545303933b2cde7a5add_photo-1444090542259-0af8fa96557e-square700.jpg]
[photos/night.html]
[61b0545303933b49307a5a2b/61b0545303933b165a7a5a3c_photo-1432251407527-504a6b4174a2-square700.jpg]
[photos/art.html]
[61b0545303933b49307a5a2b/61b0545303933b1aee7a5ae3_photo-1433155327100-12aac6a14ff1-square700.jpg]
[photos/play.html]
[61b0545303933b49307a5a2b/61b0545303933b5c627a5acf_photo-1433245437947-a0595ee87118-square700.jpg]
[photos/lift.html]
[61b0545303933b49307a5a2b/61b0545303933ba1dd7a5ace_photo-1436397543931-01c4a5162bdb-square700.jpg]
[photos/dog.html]
[61b0545303933b49307a5a2b/61b0545303933b55427a5ae9_photo-1441906363162-903afd0d3d52-square700.jpg]
[js/jquery-3.5.1.min.dc5e7f18c8f52b.js]
[index-2.html]
[61b0545303933b64a77a5a1d/css/portopower.webflow.d498dff48.css]
[61b0545303933b64a77a5a1d/js/webflow.d8cbe0b2d.js]
[blog-posts/london.html]
[blog-posts/traveler.html]
[blog-posts/hipster.html]
[blog.html]
[blog-posts/modern-workplace.html]
[61b0545303933b64a77a5a1d/61b0545303933b51307a5ac1_photo-1421809313281-48f03fa45e9f.jpg]
[about.html]
[61b0545303933b49307a5a2b/61b0545303933b281c7a5acd_photo-1416934625760-d56f5e79f6fe.jpg]
[61b0545303933b49307a5a2b/61b0545303933b38c77a5ad0_photo-1413977886085-3bbbf9a7cf6e.jpg]
[photos/city.html]
[61b0545303933b49307a5a2b/61b0545303933bf11f7a5a7e_photo-1427955569621-3e494de2b1d2.jpg]
[61b0545303933b49307a5a2b/61b0545303933b6a3d7a5aec_photo-1428184003419-4cfd6ab3d280.jpg]
[photos/together.html]
[photos/blue.html]
[61b0545303933b49307a5a2b/61b0545303933b36fd7a5a42_photo-1433268692728-cf766bc932ce.jpg]
[photos/coast.html]
[61b0545303933b49307a5a2b/61b0545303933bead27a5adb_photo-1432251407527-504a6b4174a2.jpg]
[photos/night.html]
[61b0545303933b49307a5a2b/61b0545303933b59c17a5ad4_photo-1433155327100-12aac6a14ff1.jpg]
[61b0545303933b49307a5a2b/61b0545303933b56067a5a48_photo-1433890070408-084b6b305d72.jpg]
[photos/art.html]
[61b0545303933b49307a5a2b/61b0545303933bd32f7a5aa1_photo-1433245437947-a0595ee87118.jpg]
[photos/play.html]
[61b0545303933b49307a5a2b/61b0545303933b0ab87a5a41_photo-1436397543931-01c4a5162bdb.jpg]
[photos/lift.html]
[61b0545303933b49307a5a2b/61b0545303933b6aab7a5a3f_photo-1441906363162-903afd0d3d52.jpg]
[photos/dog.html]
[blog-posts/london.html]
[blog-posts/traveler.html]
[blog-posts/hipster.html]
[blog-posts/modern-workplace.html]
