[backblue.gif]
[fade.gif]
[index.html]
[pro2-bar-s3-cdn-cf3.myportfolio.com/3400089700b3a97011b814dbfd4b4f7f/4ef96b3b-3b3f-40ea-a832-afb45ff1df00_carw_1x1x32e1c0.png]
[justintan.work/index.html]
[justintan.work/dist/css/main.css]
[pro2-bar-s3-cdn-cf4.myportfolio.com/3400089700b3a97011b814dbfd4b4f7f/5ede0bd21a3c36eaad9546d7f9299ab71638957710c0d2.css]
[use.typekit.net/ik/nfr8hCNjoiLejT5VYJ9j3PdCznx1wNyJneO8fqRRnU6feG3ffHYEBsJzwD9oFDIDWhbhZQ9XjRShwQ6aZR6XFeByFD8qFcjtjRSXwD9kwDSU5Q8yZQItZRS-K6I7OcTuSasTd1sydKoada4nOfG0dW83da4XZcNC-Av0jhNlOfG0SY4zwKuh-AmaOc]
[justintan.work/videography.html]
[justintan.work/food-videos.html]
[pro2-bar-s3-cdn-cf3.myportfolio.com/3400089700b3a97011b814dbfd4b4f7f/eb3c715f-cafb-4a98-afbc-b6769c594179_carw_1x1x328298.jpg]
[pro2-bar-s3-cdn-cf5.myportfolio.com/3400089700b3a97011b814dbfd4b4f7f/69f6d1e3-e99d-49c9-9f28-9fa27f3e0d7d_carw_1x1x32cdeb.png]
[justintan.work/advertorial.html]
[pro2-bar-s3-cdn-cf5.myportfolio.com/3400089700b3a97011b814dbfd4b4f7f/69f6d1e3-e99d-49c9-9f28-9fa27f3e0d7d_car_1x1e149.png]
[justintan.work/editorial.html]
[pro2-bar-s3-cdn-cf2.myportfolio.com/3400089700b3a97011b814dbfd4b4f7f/d9127036-4d88-43de-a3a1-ba0218efc156_carw_1x1x3210de.png]
[pro2-bar-s3-cdn-cf2.myportfolio.com/3400089700b3a97011b814dbfd4b4f7f/d9127036-4d88-43de-a3a1-ba0218efc156_car_1x16d6c.png]
[justintan.work/corporate-videos.html]
[pro2-bar-s3-cdn-cf3.myportfolio.com/3400089700b3a97011b814dbfd4b4f7f/eb3c715f-cafb-4a98-afbc-b6769c594179_car_1x10516.jpg]
[pro2-bar-s3-cdn-cf1.myportfolio.com/3400089700b3a97011b814dbfd4b4f7f/c6355e34-a7e7-4047-90d2-a46c42283f55_carw_1x1x32c08f.png]
[justintan.work/event-videos.html]
[pro2-bar-s3-cdn-cf1.myportfolio.com/3400089700b3a97011b814dbfd4b4f7f/95a63783-e8e5-4705-903e-78b43799071c_carw_1x1x32cbc7.png]
[pro2-bar-s3-cdn-cf1.myportfolio.com/3400089700b3a97011b814dbfd4b4f7f/c6355e34-a7e7-4047-90d2-a46c42283f55_car_1x14b88.png]
[justintan.work/films.html]
[justintan.work/site/translationscb21]
[pro2-bar-s3-cdn-cf1.myportfolio.com/3400089700b3a97011b814dbfd4b4f7f/95a63783-e8e5-4705-903e-78b43799071c_car_1x112da.png]
[justintan.work/dist/js/maincb21.js]
[pro2-bar-s3-cdn-cf6.myportfolio.com/3400089700b3a97011b814dbfd4b4f7f/a354683f-5121-4769-b9d6-e901c36a9735_carw_1x1x320200.png]
[pro2-bar-s3-cdn-cf6.myportfolio.com/3400089700b3a97011b814dbfd4b4f7f/a354683f-5121-4769-b9d6-e901c36a9735_car_1x1869b.png]
[justintan.work/photography.html]
[pro2-bar-s3-cdn-cf6.myportfolio.com/3400089700b3a97011b814dbfd4b4f7f/792a2180-a625-48c3-98e1-fcb6a625ea12_carw_1x1x32544b.jpg]
[pro2-bar-s3-cdn-cf1.myportfolio.com/3400089700b3a97011b814dbfd4b4f7f/28af9b74-ca5c-4665-8d33-38ced9273cc3_carw_1x1x3268d4.jpg]
[pro2-bar-s3-cdn-cf6.myportfolio.com/3400089700b3a97011b814dbfd4b4f7f/792a2180-a625-48c3-98e1-fcb6a625ea12_car_1x1456e.jpg]
[pro2-bar-s3-cdn-cf1.myportfolio.com/3400089700b3a97011b814dbfd4b4f7f/28af9b74-ca5c-4665-8d33-38ced9273cc3_car_1x1efea.jpg]
[justintan.work/forays.html]
[justintan.work/food-photos.html]
[justintan.work/clientele.html]
[justintan.work/about.html]
[justintan.work/contact.html]
[pro2-bar-s3-cdn-cf6.myportfolio.com/3400089700b3a97011b814dbfd4b4f7f/717829a48b5fad64747b7bf2f577ae731638957710b1ba.css]
[pro2-bar-s3-cdn-cf2.myportfolio.com/3400089700b3a97011b814dbfd4b4f7f/d6f2939ae550b36b7fa0d8f731ad81521638957710934a.css]
[pro2-bar-s3-cdn-cf.myportfolio.com/3400089700b3a97011b814dbfd4b4f7f/82a1b01e165704abe768ec3e878b999c16389577108cf0.css]
[pro2-bar-s3-cdn-cf.myportfolio.com/3400089700b3a97011b814dbfd4b4f7f/88fd5427bf79797e3b4fb2289d2b85d916389577103df6.css]
[pro2-bar-s3-cdn-cf1.myportfolio.com/3400089700b3a97011b814dbfd4b4f7f/cdd779c7b3d1b73b5777f64b59c686a01638957710b14b.css]
[pro2-bar-s3-cdn-cf.myportfolio.com/3400089700b3a97011b814dbfd4b4f7f/1160cff7be97e29659da11c8a6e9bf77163895771009c7.css]
[pro2-bar-s3-cdn-cf3.myportfolio.com/3400089700b3a97011b814dbfd4b4f7f/eb35c5cb699b13e48b1d460e1fdf4294163895771022e2.css]
